<?xml version="1.0" encoding="UTF-8"?>
<testng-results ignored="0" total="2" passed="2" failed="0" skipped="0">
  <reporter-output>
  </reporter-output>
  <suite started-at="2021-08-02T19:33:57 IST" name="CBT_Suite" finished-at="2021-08-02T19:34:25 IST" duration-ms="28304">
    <groups>
    </groups>
    <test started-at="2021-08-02T19:33:57 IST" name="CBT_1" finished-at="2021-08-02T19:34:12 IST" duration-ms="15724">
      <class name="testNG.FB_testNG">
        <test-method is-config="true" signature="beforeClass(java.lang.String)[pri:0, instance:testNG.FB_testNG@10feca44]" started-at="2021-08-02T19:33:57 IST" name="beforeClass" finished-at="2021-08-02T19:33:59 IST" duration-ms="2121" status="PASS">
          <params>
            <param index="0">
              <value>
                <![CDATA[Chrome]]>
              </value>
            </param>
          </params>
          <reporter-output>
          </reporter-output>
        </test-method> <!-- beforeClass -->
        <test-method signature="f()[pri:0, instance:testNG.FB_testNG@10feca44]" started-at="2021-08-02T19:33:59 IST" name="f" finished-at="2021-08-02T19:34:08 IST" duration-ms="9331" status="PASS">
          <reporter-output>
          </reporter-output>
        </test-method> <!-- f -->
        <test-method is-config="true" signature="afterClass()[pri:0, instance:testNG.FB_testNG@10feca44]" started-at="2021-08-02T19:34:08 IST" name="afterClass" finished-at="2021-08-02T19:34:12 IST" duration-ms="4218" status="PASS">
          <reporter-output>
          </reporter-output>
        </test-method> <!-- afterClass -->
      </class> <!-- testNG.FB_testNG -->
    </test> <!-- CBT_1 -->
    <test started-at="2021-08-02T19:34:12 IST" name="CBT_2" finished-at="2021-08-02T19:34:25 IST" duration-ms="12499">
      <class name="testNG.FB_testNG">
        <test-method is-config="true" signature="beforeClass(java.lang.String)[pri:0, instance:testNG.FB_testNG@169e6180]" started-at="2021-08-02T19:34:12 IST" name="beforeClass" finished-at="2021-08-02T19:34:15 IST" duration-ms="2943" status="PASS">
          <params>
            <param index="0">
              <value>
                <![CDATA[Chrome]]>
              </value>
            </param>
          </params>
          <reporter-output>
          </reporter-output>
        </test-method> <!-- beforeClass -->
        <test-method signature="f()[pri:0, instance:testNG.FB_testNG@169e6180]" started-at="2021-08-02T19:34:15 IST" name="f" finished-at="2021-08-02T19:34:25 IST" duration-ms="9243" status="PASS">
          <reporter-output>
          </reporter-output>
        </test-method> <!-- f -->
        <test-method is-config="true" signature="afterClass()[pri:0, instance:testNG.FB_testNG@169e6180]" started-at="2021-08-02T19:34:25 IST" name="afterClass" finished-at="2021-08-02T19:34:25 IST" duration-ms="308" status="PASS">
          <reporter-output>
          </reporter-output>
        </test-method> <!-- afterClass -->
      </class> <!-- testNG.FB_testNG -->
    </test> <!-- CBT_2 -->
  </suite> <!-- CBT_Suite -->
</testng-results>
